# JRE version: OpenJDK Runtime Environment Corretto-21.0.5.11.1 (21.0.5+11) (build 21.0.5+11-LTS)
# Java VM: OpenJDK 64-Bit Server VM Corretto-21.0.5.11.1 (21.0.5+11-LTS, mixed mode, emulated-client, sharing, tiered, compressed oops, compressed class ptrs, g1 gc, bsd-aarch64)
GC Precious Log:
 CardTable entry size: 512
 Card Set container configuration: InlinePtr #cards 4 size 8 Array Of Cards #cards 32 size 80 Howl #buckets 8 coarsen threshold 7372 Howl Bitmap #cards 1024 size 144 coarsen threshold 921 Card regions per heap region 1 cards per card region 8192
 CPUs: 10 total, 10 available
 Memory: 32768M
 Large Page Support: Disabled
 NUMA Support: Disabled
 Compressed Oops: Enabled (Zero based)
 Heap Region Size: 4M
 Heap Min Capacity: 8M
 Heap Initial Capacity: 512M
 Heap Max Capacity: 8G
 Pre-touch: Disabled
 Parallel Workers: 9
 Concurrent Workers: 2
 Concurrent Refinement Workers: 9
 Periodic GC: Disabled
Heap:
 garbage-first heap   total 172032K, used 61349K [0x0000000600000000, 0x0000000800000000)
  region size 4096K, 8 young (32768K), 3 survivors (12288K)
 Metaspace       used 51800K, committed 52736K, reserved 1114112K
  class space    used 7571K, committed 8000K, reserved 1048576K
GC Heap History (20 events):
Event: 0.221 GC heap before
{Heap before GC invocations=0 (full 0):
 garbage-first heap   total 528384K, used 25631K [0x0000000600000000, 0x0000000800000000)
  region size 4096K, 6 young (24576K), 0 survivors (0K)
 Metaspace       used 6231K, committed 6528K, reserved 1114112K
  class space    used 1047K, committed 1152K, reserved 1048576K
}
Event: 0.223 GC heap after
{Heap after GC invocations=1 (full 0):
 garbage-first heap   total 528384K, used 8660K [0x0000000600000000, 0x0000000800000000)
  region size 4096K, 1 young (4096K), 1 survivors (4096K)
 Metaspace       used 6231K, committed 6528K, reserved 1114112K
  class space    used 1047K, committed 1152K, reserved 1048576K
}
Event: 0.336 GC heap before
{Heap before GC invocations=1 (full 0):
 garbage-first heap   total 528384K, used 29140K [0x0000000600000000, 0x0000000800000000)
  region size 4096K, 6 young (24576K), 1 survivors (4096K)
 Metaspace       used 10691K, committed 11072K, reserved 1114112K
  class space    used 1838K, committed 1984K, reserved 1048576K
}
Event: 0.339 GC heap after
{Heap after GC invocations=2 (full 0):
 garbage-first heap   total 528384K, used 10559K [0x0000000600000000, 0x0000000800000000)
  region size 4096K, 1 young (4096K), 1 survivors (4096K)
 Metaspace       used 10691K, committed 11072K, reserved 1114112K
  class space    used 1838K, committed 1984K, reserved 1048576K
}
Event: 0.533 GC heap before
{Heap before GC invocations=2 (full 0):
 garbage-first heap   total 528384K, used 59711K [0x0000000600000000, 0x0000000800000000)
  region size 4096K, 13 young (53248K), 1 survivors (4096K)
 Metaspace       used 17582K, committed 17984K, reserved 1114112K
  class space    used 2824K, committed 3008K, reserved 1048576K
}
Event: 0.535 GC heap after
{Heap after GC invocations=3 (full 0):
 garbage-first heap   total 528384K, used 15822K [0x0000000600000000, 0x0000000800000000)
  region size 4096K, 2 young (8192K), 2 survivors (8192K)
 Metaspace       used 17582K, committed 17984K, reserved 1114112K
  class space    used 2824K, committed 3008K, reserved 1048576K
}
Event: 0.554 GC heap before
{Heap before GC invocations=3 (full 0):
 garbage-first heap   total 528384K, used 24014K [0x0000000600000000, 0x0000000800000000)
  region size 4096K, 5 young (20480K), 2 survivors (8192K)
 Metaspace       used 19021K, committed 19392K, reserved 1114112K
  class space    used 2984K, committed 3136K, reserved 1048576K
}
Event: 0.556 GC heap after
{Heap after GC invocations=4 (full 0):
 garbage-first heap   total 528384K, used 17445K [0x0000000600000000, 0x0000000800000000)
  region size 4096K, 3 young (12288K), 3 survivors (12288K)
 Metaspace       used 19021K, committed 19392K, reserved 1114112K
  class space    used 2984K, committed 3136K, reserved 1048576K
}
Event: 0.760 GC heap before
{Heap before GC invocations=5 (full 0):
 garbage-first heap   total 81920K, used 74789K [0x0000000600000000, 0x0000000800000000)
  region size 4096K, 17 young (69632K), 3 survivors (12288K)
 Metaspace       used 25497K, committed 26048K, reserved 1114112K
  class space    used 3861K, committed 4096K, reserved 1048576K
}
Event: 0.764 GC heap after
{Heap after GC invocations=6 (full 0):
 garbage-first heap   total 98304K, used 23286K [0x0000000600000000, 0x0000000800000000)
  region size 4096K, 4 young (16384K), 4 survivors (16384K)
 Metaspace       used 25497K, committed 26048K, reserved 1114112K
  class space    used 3861K, committed 4096K, reserved 1048576K
}
Event: 0.855 GC heap before
{Heap before GC invocations=6 (full 0):
 garbage-first heap   total 98304K, used 64246K [0x0000000600000000, 0x0000000800000000)
  region size 4096K, 14 young (57344K), 4 survivors (16384K)
 Metaspace       used 28241K, committed 28800K, reserved 1114112K
  class space    used 4302K, committed 4544K, reserved 1048576K
}
Event: 0.860 GC heap after
{Heap after GC invocations=7 (full 0):
 garbage-first heap   total 311296K, used 26624K [0x0000000600000000, 0x0000000800000000)
  region size 4096K, 2 young (8192K), 2 survivors (8192K)
 Metaspace       used 28241K, committed 28800K, reserved 1114112K
  class space    used 4302K, committed 4544K, reserved 1048576K
}
Event: 0.923 GC heap before
{Heap before GC invocations=7 (full 0):
 garbage-first heap   total 311296K, used 59392K [0x0000000600000000, 0x0000000800000000)
  region size 4096K, 11 young (45056K), 2 survivors (8192K)
 Metaspace       used 32397K, committed 32896K, reserved 1114112K
  class space    used 4796K, committed 4992K, reserved 1048576K
}
Event: 0.925 GC heap after
{Heap after GC invocations=8 (full 0):
 garbage-first heap   total 311296K, used 31354K [0x0000000600000000, 0x0000000800000000)
  region size 4096K, 3 young (12288K), 3 survivors (12288K)
 Metaspace       used 32397K, committed 32896K, reserved 1114112K
  class space    used 4796K, committed 4992K, reserved 1048576K
}
Event: 1.239 GC heap before
{Heap before GC invocations=9 (full 0):
 garbage-first heap   total 122880K, used 113274K [0x0000000600000000, 0x0000000800000000)
  region size 4096K, 24 young (98304K), 3 survivors (12288K)
 Metaspace       used 38191K, committed 38848K, reserved 1114112K
  class space    used 5652K, committed 5952K, reserved 1048576K
}
Event: 1.244 GC heap after
{Heap after GC invocations=10 (full 0):
 garbage-first heap   total 143360K, used 40857K [0x0000000600000000, 0x0000000800000000)
  region size 4096K, 5 young (20480K), 5 survivors (20480K)
 Metaspace       used 38191K, committed 38848K, reserved 1114112K
  class space    used 5652K, committed 5952K, reserved 1048576K
}
Event: 1.544 GC heap before
{Heap before GC invocations=10 (full 0):
 garbage-first heap   total 143360K, used 106393K [0x0000000600000000, 0x0000000800000000)
  region size 4096K, 21 young (86016K), 5 survivors (20480K)
 Metaspace       used 44034K, committed 44672K, reserved 1114112K
  class space    used 6478K, committed 6784K, reserved 1048576K
}
Event: 1.548 GC heap after
{Heap after GC invocations=11 (full 0):
 garbage-first heap   total 143360K, used 33543K [0x0000000600000000, 0x0000000800000000)
  region size 4096K, 2 young (8192K), 2 survivors (8192K)
 Metaspace       used 44034K, committed 44672K, reserved 1114112K
  class space    used 6478K, committed 6784K, reserved 1048576K
}
Event: 11.344 GC heap before
{Heap before GC invocations=11 (full 0):
 garbage-first heap   total 143360K, used 115463K [0x0000000600000000, 0x0000000800000000)
  region size 4096K, 20 young (81920K), 2 survivors (8192K)
 Metaspace       used 49872K, committed 50688K, reserved 1114112K
  class space    used 7322K, committed 7680K, reserved 1048576K
}
Event: 11.347 GC heap after
{Heap after GC invocations=12 (full 0):
 garbage-first heap   total 172032K, used 44965K [0x0000000600000000, 0x0000000800000000)
  region size 4096K, 3 young (12288K), 3 survivors (12288K)
 Metaspace       used 49872K, committed 50688K, reserved 1114112K
  class space    used 7322K, committed 7680K, reserved 1048576K
}

