# JRE version: OpenJDK Runtime Environment Corretto-21.0.5.11.1 (21.0.5+11) (build 21.0.5+11-LTS)
# Java VM: OpenJDK 64-Bit Server VM Corretto-21.0.5.11.1 (21.0.5+11-LTS, mixed mode, emulated-client, sharing, tiered, compressed oops, compressed class ptrs, g1 gc, bsd-aarch64)
GC Precious Log:
 CardTable entry size: 512
 Card Set container configuration: InlinePtr #cards 4 size 8 Array Of Cards #cards 32 size 80 Howl #buckets 8 coarsen threshold 7372 Howl Bitmap #cards 1024 size 144 coarsen threshold 921 Card regions per heap region 1 cards per card region 8192
 CPUs: 10 total, 10 available
 Memory: 32768M
 Large Page Support: Disabled
 NUMA Support: Disabled
 Compressed Oops: Enabled (Zero based)
 Heap Region Size: 4M
 Heap Min Capacity: 8M
 Heap Initial Capacity: 512M
 Heap Max Capacity: 8G
 Pre-touch: Disabled
 Parallel Workers: 9
 Concurrent Workers: 2
 Concurrent Refinement Workers: 9
 Periodic GC: Disabled
Heap:
 garbage-first heap   total 139264K, used 67083K [0x0000000600000000, 0x0000000800000000)
  region size 4096K, 6 young (24576K), 2 survivors (8192K)
 Metaspace       used 51786K, committed 52608K, reserved 1114112K
  class space    used 7571K, committed 7936K, reserved 1048576K
GC Heap History (20 events):
Event: 0.252 GC heap before
{Heap before GC invocations=0 (full 0):
 garbage-first heap   total 528384K, used 25631K [0x0000000600000000, 0x0000000800000000)
  region size 4096K, 6 young (24576K), 0 survivors (0K)
 Metaspace       used 6398K, committed 6720K, reserved 1114112K
  class space    used 1082K, committed 1216K, reserved 1048576K
}
Event: 0.254 GC heap after
{Heap after GC invocations=1 (full 0):
 garbage-first heap   total 528384K, used 7592K [0x0000000600000000, 0x0000000800000000)
  region size 4096K, 1 young (4096K), 1 survivors (4096K)
 Metaspace       used 6398K, committed 6720K, reserved 1114112K
  class space    used 1082K, committed 1216K, reserved 1048576K
}
Event: 0.384 GC heap before
{Heap before GC invocations=1 (full 0):
 garbage-first heap   total 528384K, used 28072K [0x0000000600000000, 0x0000000800000000)
  region size 4096K, 6 young (24576K), 1 survivors (4096K)
 Metaspace       used 10791K, committed 11136K, reserved 1114112K
  class space    used 1858K, committed 1984K, reserved 1048576K
}
Event: 0.386 GC heap after
{Heap after GC invocations=2 (full 0):
 garbage-first heap   total 528384K, used 11432K [0x0000000600000000, 0x0000000800000000)
  region size 4096K, 1 young (4096K), 1 survivors (4096K)
 Metaspace       used 10791K, committed 11136K, reserved 1114112K
  class space    used 1858K, committed 1984K, reserved 1048576K
}
Event: 0.580 GC heap before
{Heap before GC invocations=2 (full 0):
 garbage-first heap   total 528384K, used 56488K [0x0000000600000000, 0x0000000800000000)
  region size 4096K, 13 young (53248K), 1 survivors (4096K)
 Metaspace       used 17674K, committed 18048K, reserved 1114112K
  class space    used 2835K, committed 3008K, reserved 1048576K
}
Event: 0.582 GC heap after
{Heap after GC invocations=3 (full 0):
 garbage-first heap   total 528384K, used 16469K [0x0000000600000000, 0x0000000800000000)
  region size 4096K, 2 young (8192K), 2 survivors (8192K)
 Metaspace       used 17674K, committed 18048K, reserved 1114112K
  class space    used 2835K, committed 3008K, reserved 1048576K
}
Event: 0.648 GC heap before
{Heap before GC invocations=3 (full 0):
 garbage-first heap   total 528384K, used 41045K [0x0000000600000000, 0x0000000800000000)
  region size 4096K, 9 young (36864K), 2 survivors (8192K)
 Metaspace       used 21024K, committed 21504K, reserved 1114112K
  class space    used 3252K, committed 3456K, reserved 1048576K
}
Event: 0.651 GC heap after
{Heap after GC invocations=4 (full 0):
 garbage-first heap   total 528384K, used 18845K [0x0000000600000000, 0x0000000800000000)
  region size 4096K, 3 young (12288K), 3 survivors (12288K)
 Metaspace       used 21024K, committed 21504K, reserved 1114112K
  class space    used 3252K, committed 3456K, reserved 1048576K
}
Event: 0.798 GC heap before
{Heap before GC invocations=5 (full 0):
 garbage-first heap   total 81920K, used 55709K [0x0000000600000000, 0x0000000800000000)
  region size 4096K, 12 young (49152K), 3 survivors (12288K)
 Metaspace       used 25076K, committed 25536K, reserved 1114112K
  class space    used 3796K, committed 3968K, reserved 1048576K
}
Event: 0.801 GC heap after
{Heap after GC invocations=6 (full 0):
 garbage-first heap   total 81920K, used 23205K [0x0000000600000000, 0x0000000800000000)
  region size 4096K, 2 young (8192K), 2 survivors (8192K)
 Metaspace       used 25076K, committed 25536K, reserved 1114112K
  class space    used 3796K, committed 3968K, reserved 1048576K
}
Event: 0.908 GC heap before
{Heap before GC invocations=6 (full 0):
 garbage-first heap   total 81920K, used 55973K [0x0000000600000000, 0x0000000800000000)
  region size 4096K, 11 young (45056K), 2 survivors (8192K)
 Metaspace       used 28134K, committed 28672K, reserved 1114112K
  class space    used 4299K, committed 4544K, reserved 1048576K
}
Event: 0.912 GC heap after
{Heap after GC invocations=7 (full 0):
 garbage-first heap   total 303104K, used 27674K [0x0000000600000000, 0x0000000800000000)
  region size 4096K, 2 young (8192K), 2 survivors (8192K)
 Metaspace       used 28134K, committed 28672K, reserved 1114112K
  class space    used 4299K, committed 4544K, reserved 1048576K
}
Event: 1.116 GC heap before
{Heap before GC invocations=7 (full 0):
 garbage-first heap   total 303104K, used 101402K [0x0000000600000000, 0x0000000800000000)
  region size 4096K, 21 young (86016K), 2 survivors (8192K)
 Metaspace       used 35585K, committed 36096K, reserved 1114112K
  class space    used 5250K, committed 5504K, reserved 1048576K
}
Event: 1.119 GC heap after
{Heap after GC invocations=8 (full 0):
 garbage-first heap   total 303104K, used 38265K [0x0000000600000000, 0x0000000800000000)
  region size 4096K, 4 young (16384K), 4 survivors (16384K)
 Metaspace       used 35585K, committed 36096K, reserved 1114112K
  class space    used 5250K, committed 5504K, reserved 1048576K
}
Event: 1.453 GC heap before
{Heap before GC invocations=9 (full 0):
 garbage-first heap   total 139264K, used 103801K [0x0000000600000000, 0x0000000800000000)
  region size 4096K, 20 young (81920K), 4 survivors (16384K)
 Metaspace       used 40571K, committed 41280K, reserved 1114112K
  class space    used 6013K, committed 6336K, reserved 1048576K
}
Event: 1.458 GC heap after
{Heap after GC invocations=10 (full 0):
 garbage-first heap   total 139264K, used 46495K [0x0000000600000000, 0x0000000800000000)
  region size 4096K, 3 young (12288K), 3 survivors (12288K)
 Metaspace       used 40571K, committed 41280K, reserved 1114112K
  class space    used 6013K, committed 6336K, reserved 1048576K
}
Event: 1.700 GC heap before
{Heap before GC invocations=10 (full 0):
 garbage-first heap   total 139264K, used 103839K [0x0000000600000000, 0x0000000800000000)
  region size 4096K, 17 young (69632K), 3 survivors (12288K)
 Metaspace       used 45024K, committed 45760K, reserved 1114112K
  class space    used 6620K, committed 6976K, reserved 1048576K
}
Event: 1.703 GC heap after
{Heap after GC invocations=11 (full 0):
 garbage-first heap   total 139264K, used 44425K [0x0000000600000000, 0x0000000800000000)
  region size 4096K, 2 young (8192K), 2 survivors (8192K)
 Metaspace       used 45024K, committed 45760K, reserved 1114112K
  class space    used 6620K, committed 6976K, reserved 1048576K
}
Event: 18.575 GC heap before
{Heap before GC invocations=11 (full 0):
 garbage-first heap   total 139264K, used 114057K [0x0000000600000000, 0x0000000800000000)
  region size 4096K, 17 young (69632K), 2 survivors (8192K)
 Metaspace       used 50302K, committed 51136K, reserved 1114112K
  class space    used 7377K, committed 7744K, reserved 1048576K
}
Event: 18.602 GC heap after
{Heap after GC invocations=12 (full 0):
 garbage-first heap   total 139264K, used 54795K [0x0000000600000000, 0x0000000800000000)
  region size 4096K, 2 young (8192K), 2 survivors (8192K)
 Metaspace       used 50302K, committed 51136K, reserved 1114112K
  class space    used 7377K, committed 7744K, reserved 1048576K
}

