# JRE version: OpenJDK Runtime Environment Corretto-21.0.5.11.1 (21.0.5+11) (build 21.0.5+11-LTS)
# Java VM: OpenJDK 64-Bit Server VM Corretto-21.0.5.11.1 (21.0.5+11-LTS, mixed mode, emulated-client, sharing, tiered, compressed oops, compressed class ptrs, g1 gc, bsd-aarch64)
GC Precious Log:
 CardTable entry size: 512
 Card Set container configuration: InlinePtr #cards 4 size 8 Array Of Cards #cards 32 size 80 Howl #buckets 8 coarsen threshold 7372 Howl Bitmap #cards 1024 size 144 coarsen threshold 921 Card regions per heap region 1 cards per card region 8192
 CPUs: 10 total, 10 available
 Memory: 32768M
 Large Page Support: Disabled
 NUMA Support: Disabled
 Compressed Oops: Enabled (Zero based)
 Heap Region Size: 4M
 Heap Min Capacity: 8M
 Heap Initial Capacity: 512M
 Heap Max Capacity: 8G
 Pre-touch: Disabled
 Parallel Workers: 9
 Concurrent Workers: 2
 Concurrent Refinement Workers: 9
 Periodic GC: Disabled
Heap:
 garbage-first heap   total 163840K, used 82015K [0x0000000600000000, 0x0000000800000000)
  region size 4096K, 15 young (61440K), 3 survivors (12288K)
 Metaspace       used 49290K, committed 50048K, reserved 1114112K
  class space    used 7265K, committed 7616K, reserved 1048576K
GC Heap History (18 events):
Event: 0.252 GC heap before
{Heap before GC invocations=0 (full 0):
 garbage-first heap   total 528384K, used 25631K [0x0000000600000000, 0x0000000800000000)
  region size 4096K, 6 young (24576K), 0 survivors (0K)
 Metaspace       used 6319K, committed 6592K, reserved 1114112K
  class space    used 1065K, committed 1152K, reserved 1048576K
}
Event: 0.253 GC heap after
{Heap after GC invocations=1 (full 0):
 garbage-first heap   total 528384K, used 7584K [0x0000000600000000, 0x0000000800000000)
  region size 4096K, 1 young (4096K), 1 survivors (4096K)
 Metaspace       used 6319K, committed 6592K, reserved 1114112K
  class space    used 1065K, committed 1152K, reserved 1048576K
}
Event: 0.388 GC heap before
{Heap before GC invocations=1 (full 0):
 garbage-first heap   total 528384K, used 28064K [0x0000000600000000, 0x0000000800000000)
  region size 4096K, 6 young (24576K), 1 survivors (4096K)
 Metaspace       used 10735K, committed 11072K, reserved 1114112K
  class space    used 1847K, committed 1984K, reserved 1048576K
}
Event: 0.395 GC heap after
{Heap after GC invocations=2 (full 0):
 garbage-first heap   total 528384K, used 11454K [0x0000000600000000, 0x0000000800000000)
  region size 4096K, 1 young (4096K), 1 survivors (4096K)
 Metaspace       used 10735K, committed 11072K, reserved 1114112K
  class space    used 1847K, committed 1984K, reserved 1048576K
}
Event: 0.596 GC heap before
{Heap before GC invocations=2 (full 0):
 garbage-first heap   total 528384K, used 56510K [0x0000000600000000, 0x0000000800000000)
  region size 4096K, 13 young (53248K), 1 survivors (4096K)
 Metaspace       used 17570K, committed 17984K, reserved 1114112K
  class space    used 2827K, committed 3008K, reserved 1048576K
}
Event: 0.598 GC heap after
{Heap after GC invocations=3 (full 0):
 garbage-first heap   total 528384K, used 16341K [0x0000000600000000, 0x0000000800000000)
  region size 4096K, 2 young (8192K), 2 survivors (8192K)
 Metaspace       used 17570K, committed 17984K, reserved 1114112K
  class space    used 2827K, committed 3008K, reserved 1048576K
}
Event: 0.616 GC heap before
{Heap before GC invocations=3 (full 0):
 garbage-first heap   total 528384K, used 24533K [0x0000000600000000, 0x0000000800000000)
  region size 4096K, 5 young (20480K), 2 survivors (8192K)
 Metaspace       used 18975K, committed 19392K, reserved 1114112K
  class space    used 2989K, committed 3136K, reserved 1048576K
}
Event: 0.618 GC heap after
{Heap after GC invocations=4 (full 0):
 garbage-first heap   total 528384K, used 16528K [0x0000000600000000, 0x0000000800000000)
  region size 4096K, 2 young (8192K), 2 survivors (8192K)
 Metaspace       used 18975K, committed 19392K, reserved 1114112K
  class space    used 2989K, committed 3136K, reserved 1048576K
}
Event: 0.795 GC heap before
{Heap before GC invocations=5 (full 0):
 garbage-first heap   total 69632K, used 61584K [0x0000000600000000, 0x0000000800000000)
  region size 4096K, 14 young (57344K), 2 survivors (8192K)
 Metaspace       used 23812K, committed 24384K, reserved 1114112K
  class space    used 3614K, committed 3840K, reserved 1048576K
}
Event: 0.798 GC heap after
{Heap after GC invocations=6 (full 0):
 garbage-first heap   total 86016K, used 20819K [0x0000000600000000, 0x0000000800000000)
  region size 4096K, 4 young (16384K), 4 survivors (16384K)
 Metaspace       used 23812K, committed 24384K, reserved 1114112K
  class space    used 3614K, committed 3840K, reserved 1048576K
}
Event: 0.922 GC heap before
{Heap before GC invocations=6 (full 0):
 garbage-first heap   total 86016K, used 53587K [0x0000000600000000, 0x0000000800000000)
  region size 4096K, 12 young (49152K), 4 survivors (16384K)
 Metaspace       used 27334K, committed 27840K, reserved 1114112K
  class space    used 4196K, committed 4416K, reserved 1048576K
}
Event: 0.927 GC heap after
{Heap after GC invocations=7 (full 0):
 garbage-first heap   total 307200K, used 26065K [0x0000000600000000, 0x0000000800000000)
  region size 4096K, 2 young (8192K), 2 survivors (8192K)
 Metaspace       used 27334K, committed 27840K, reserved 1114112K
  class space    used 4196K, committed 4416K, reserved 1048576K
}
Event: 1.021 GC heap before
{Heap before GC invocations=7 (full 0):
 garbage-first heap   total 307200K, used 75217K [0x0000000600000000, 0x0000000800000000)
  region size 4096K, 16 young (65536K), 2 survivors (8192K)
 Metaspace       used 32840K, committed 33408K, reserved 1114112K
  class space    used 4858K, committed 5120K, reserved 1048576K
}
Event: 1.023 GC heap after
{Heap after GC invocations=8 (full 0):
 garbage-first heap   total 307200K, used 33055K [0x0000000600000000, 0x0000000800000000)
  region size 4096K, 4 young (16384K), 4 survivors (16384K)
 Metaspace       used 32840K, committed 33408K, reserved 1114112K
  class space    used 4858K, committed 5120K, reserved 1048576K
}
Event: 1.443 GC heap before
{Heap before GC invocations=9 (full 0):
 garbage-first heap   total 139264K, used 131359K [0x0000000600000000, 0x0000000800000000)
  region size 4096K, 28 young (114688K), 4 survivors (16384K)
 Metaspace       used 39843K, committed 40448K, reserved 1114112K
  class space    used 5935K, committed 6208K, reserved 1048576K
}
Event: 1.448 GC heap after
{Heap after GC invocations=10 (full 0):
 garbage-first heap   total 163840K, used 44888K [0x0000000600000000, 0x0000000800000000)
  region size 4096K, 6 young (24576K), 6 survivors (24576K)
 Metaspace       used 39843K, committed 40448K, reserved 1114112K
  class space    used 5935K, committed 6208K, reserved 1048576K
}
Event: 1.796 GC heap before
{Heap before GC invocations=10 (full 0):
 garbage-first heap   total 163840K, used 118616K [0x0000000600000000, 0x0000000800000000)
  region size 4096K, 24 young (98304K), 6 survivors (24576K)
 Metaspace       used 45994K, committed 46720K, reserved 1114112K
  class space    used 6780K, committed 7104K, reserved 1048576K
}
Event: 1.800 GC heap after
{Heap after GC invocations=11 (full 0):
 garbage-first heap   total 163840K, used 36959K [0x0000000600000000, 0x0000000800000000)
  region size 4096K, 3 young (12288K), 3 survivors (12288K)
 Metaspace       used 45994K, committed 46720K, reserved 1114112K
  class space    used 6780K, committed 7104K, reserved 1048576K
}

