# JRE version: OpenJDK Runtime Environment Corretto-21.0.5.11.1 (21.0.5+11) (build 21.0.5+11-LTS)
# Java VM: OpenJDK 64-Bit Server VM Corretto-21.0.5.11.1 (21.0.5+11-LTS, mixed mode, emulated-client, sharing, tiered, compressed oops, compressed class ptrs, g1 gc, bsd-aarch64)
GC Precious Log:
 CardTable entry size: 512
 Card Set container configuration: InlinePtr #cards 4 size 8 Array Of Cards #cards 32 size 80 Howl #buckets 8 coarsen threshold 7372 Howl Bitmap #cards 1024 size 144 coarsen threshold 921 Card regions per heap region 1 cards per card region 8192
 CPUs: 12 total, 12 available
 Memory: 32768M
 Large Page Support: Disabled
 NUMA Support: Disabled
 Compressed Oops: Enabled (Zero based)
 Heap Region Size: 4M
 Heap Min Capacity: 8M
 Heap Initial Capacity: 512M
 Heap Max Capacity: 8G
 Pre-touch: Disabled
 Parallel Workers: 10
 Concurrent Workers: 3
 Concurrent Refinement Workers: 10
 Periodic GC: Disabled
Heap:
 garbage-first heap   total 172032K, used 64433K [0x0000000600000000, 0x0000000800000000)
  region size 4096K, 7 young (28672K), 2 survivors (8192K)
 Metaspace       used 49546K, committed 50368K, reserved 1114112K
  class space    used 7306K, committed 7680K, reserved 1048576K
GC Heap History (20 events):
Event: 0.273 GC heap before
{Heap before GC invocations=0 (full 0):
 garbage-first heap   total 528384K, used 25631K [0x0000000600000000, 0x0000000800000000)
  region size 4096K, 6 young (24576K), 0 survivors (0K)
 Metaspace       used 6240K, committed 6528K, reserved 1114112K
  class space    used 1050K, committed 1152K, reserved 1048576K
}
Event: 0.275 GC heap after
{Heap after GC invocations=1 (full 0):
 garbage-first heap   total 528384K, used 8500K [0x0000000600000000, 0x0000000800000000)
  region size 4096K, 1 young (4096K), 1 survivors (4096K)
 Metaspace       used 6240K, committed 6528K, reserved 1114112K
  class space    used 1050K, committed 1152K, reserved 1048576K
}
Event: 0.369 GC heap before
{Heap before GC invocations=1 (full 0):
 garbage-first heap   total 528384K, used 28980K [0x0000000600000000, 0x0000000800000000)
  region size 4096K, 6 young (24576K), 1 survivors (4096K)
 Metaspace       used 10691K, committed 11072K, reserved 1114112K
  class space    used 1838K, committed 1984K, reserved 1048576K
}
Event: 0.371 GC heap after
{Heap after GC invocations=2 (full 0):
 garbage-first heap   total 528384K, used 10573K [0x0000000600000000, 0x0000000800000000)
  region size 4096K, 1 young (4096K), 1 survivors (4096K)
 Metaspace       used 10691K, committed 11072K, reserved 1114112K
  class space    used 1838K, committed 1984K, reserved 1048576K
}
Event: 0.542 GC heap before
{Heap before GC invocations=2 (full 0):
 garbage-first heap   total 528384K, used 59725K [0x0000000600000000, 0x0000000800000000)
  region size 4096K, 13 young (53248K), 1 survivors (4096K)
 Metaspace       used 17509K, committed 17920K, reserved 1114112K
  class space    used 2811K, committed 3008K, reserved 1048576K
}
Event: 0.544 GC heap after
{Heap after GC invocations=3 (full 0):
 garbage-first heap   total 528384K, used 15832K [0x0000000600000000, 0x0000000800000000)
  region size 4096K, 2 young (8192K), 2 survivors (8192K)
 Metaspace       used 17509K, committed 17920K, reserved 1114112K
  class space    used 2811K, committed 3008K, reserved 1048576K
}
Event: 0.565 GC heap before
{Heap before GC invocations=3 (full 0):
 garbage-first heap   total 528384K, used 24024K [0x0000000600000000, 0x0000000800000000)
  region size 4096K, 5 young (20480K), 2 survivors (8192K)
 Metaspace       used 18401K, committed 18816K, reserved 1114112K
  class space    used 2923K, committed 3072K, reserved 1048576K
}
Event: 0.567 GC heap after
{Heap after GC invocations=4 (full 0):
 garbage-first heap   total 528384K, used 16301K [0x0000000600000000, 0x0000000800000000)
  region size 4096K, 3 young (12288K), 3 survivors (12288K)
 Metaspace       used 18401K, committed 18816K, reserved 1114112K
  class space    used 2923K, committed 3072K, reserved 1048576K
}
Event: 0.758 GC heap before
{Heap before GC invocations=5 (full 0):
 garbage-first heap   total 81920K, used 73645K [0x0000000600000000, 0x0000000800000000)
  region size 4096K, 17 young (69632K), 3 survivors (12288K)
 Metaspace       used 25245K, committed 25792K, reserved 1114112K
  class space    used 3825K, committed 4096K, reserved 1048576K
}
Event: 0.760 GC heap after
{Heap after GC invocations=6 (full 0):
 garbage-first heap   total 98304K, used 23304K [0x0000000600000000, 0x0000000800000000)
  region size 4096K, 4 young (16384K), 4 survivors (16384K)
 Metaspace       used 25245K, committed 25792K, reserved 1114112K
  class space    used 3825K, committed 4096K, reserved 1048576K
}
Event: 0.840 GC heap before
{Heap before GC invocations=6 (full 0):
 garbage-first heap   total 98304K, used 64264K [0x0000000600000000, 0x0000000800000000)
  region size 4096K, 14 young (57344K), 4 survivors (16384K)
 Metaspace       used 28121K, committed 28672K, reserved 1114112K
  class space    used 4296K, committed 4544K, reserved 1048576K
}
Event: 0.844 GC heap after
{Heap after GC invocations=7 (full 0):
 garbage-first heap   total 311296K, used 27410K [0x0000000600000000, 0x0000000800000000)
  region size 4096K, 2 young (8192K), 2 survivors (8192K)
 Metaspace       used 28121K, committed 28672K, reserved 1114112K
  class space    used 4296K, committed 4544K, reserved 1048576K
}
Event: 0.887 GC heap before
{Heap before GC invocations=7 (full 0):
 garbage-first heap   total 311296K, used 51986K [0x0000000600000000, 0x0000000800000000)
  region size 4096K, 10 young (40960K), 2 survivors (8192K)
 Metaspace       used 31400K, committed 31936K, reserved 1114112K
  class space    used 4668K, committed 4864K, reserved 1048576K
}
Event: 0.889 GC heap after
{Heap after GC invocations=8 (full 0):
 garbage-first heap   total 311296K, used 30682K [0x0000000600000000, 0x0000000800000000)
  region size 4096K, 3 young (12288K), 3 survivors (12288K)
 Metaspace       used 31400K, committed 31936K, reserved 1114112K
  class space    used 4668K, committed 4864K, reserved 1048576K
}
Event: 1.130 GC heap before
{Heap before GC invocations=9 (full 0):
 garbage-first heap   total 122880K, used 116698K [0x0000000600000000, 0x0000000800000000)
  region size 4096K, 24 young (98304K), 3 survivors (12288K)
 Metaspace       used 37633K, committed 38208K, reserved 1114112K
  class space    used 5562K, committed 5824K, reserved 1048576K
}
Event: 1.134 GC heap after
{Heap after GC invocations=10 (full 0):
 garbage-first heap   total 143360K, used 42023K [0x0000000600000000, 0x0000000800000000)
  region size 4096K, 5 young (20480K), 5 survivors (20480K)
 Metaspace       used 37633K, committed 38208K, reserved 1114112K
  class space    used 5562K, committed 5824K, reserved 1048576K
}
Event: 1.392 GC heap before
{Heap before GC invocations=10 (full 0):
 garbage-first heap   total 143360K, used 107559K [0x0000000600000000, 0x0000000800000000)
  region size 4096K, 21 young (86016K), 5 survivors (20480K)
 Metaspace       used 43650K, committed 44352K, reserved 1114112K
  class space    used 6437K, committed 6720K, reserved 1048576K
}
Event: 1.395 GC heap after
{Heap after GC invocations=11 (full 0):
 garbage-first heap   total 143360K, used 48702K [0x0000000600000000, 0x0000000800000000)
  region size 4096K, 3 young (12288K), 3 survivors (12288K)
 Metaspace       used 43650K, committed 44352K, reserved 1114112K
  class space    used 6437K, committed 6720K, reserved 1048576K
}
Event: 10.744 GC heap before
{Heap before GC invocations=11 (full 0):
 garbage-first heap   total 143360K, used 110142K [0x0000000600000000, 0x0000000800000000)
  region size 4096K, 18 young (73728K), 3 survivors (12288K)
 Metaspace       used 48011K, committed 48896K, reserved 1114112K
  class space    used 7102K, committed 7488K, reserved 1048576K
}
Event: 10.747 GC heap after
{Heap after GC invocations=12 (full 0):
 garbage-first heap   total 172032K, used 48049K [0x0000000600000000, 0x0000000800000000)
  region size 4096K, 2 young (8192K), 2 survivors (8192K)
 Metaspace       used 48011K, committed 48896K, reserved 1114112K
  class space    used 7102K, committed 7488K, reserved 1048576K
}

